[Log]
[07:37:17.592]
ALL
[Coherent UI] (Info) Initializing Coherent UI ver. 1.8.1.1
Log
, Line: 19; File /Users/Primary/Code/Qualia/UnityPOC/Assets/Standard Assets/Scripts/CoherentUI/Detail/LogHandler.cs

[Log]
[07:37:17.604]
ALL
[Coherent UI] (Info) Running on Mac OS X Version 10.9.2 (Build 13C64)
Log
, Line: 19; File /Users/Primary/Code/Qualia/UnityPOC/Assets/Standard Assets/Scripts/CoherentUI/Detail/LogHandler.cs

[Log]
[07:37:17.606]
ALL
[Coherent UI] (Info) CGL device used in client composition: 16918311
Log
, Line: 19; File /Users/Primary/Code/Qualia/UnityPOC/Assets/Standard Assets/Scripts/CoherentUI/Detail/LogHandler.cs

[Log]
[07:37:17.712]
ALL
Coherent UI system initialized..
Log
, Line: 625; File /Users/Primary/Code/Qualia/UnityPOC/Assets/Standard Assets/Scripts/CoherentUI/CoherentUISystem.cs

[Log]
[07:37:17.723]
ALL
Screen (CoherentUIView)
Log
Awake, Line: 66; File /Users/Primary/Code/Qualia/UnityPOC/Assets/Qualia/Scripts/DisplayController.cs
Start, Line: 17; File /Users/Primary/Code/Qualia/UnityPOC/Assets/Qualia/Scripts/Startup/LaunchScreenStartupSequence.cs

[Log]
[07:37:17.728]
ALL
NullReferenceException: Object reference not set to an instance of an object
Exception
, Line: 80; File /Users/Primary/Code/Qualia/UnityPOC/Assets/Sonagi Debug Watcher Console/Scripts/Debug.cs

[Log]
[07:37:17.856]
ALL
[Coherent UI] (Info) PID: 5531 | -1 02:37:17.747040 Staring Coherent UI Host ver. 1.8.1.1
Log
, Line: 19; File /Users/Primary/Code/Qualia/UnityPOC/Assets/Standard Assets/Scripts/CoherentUI/Detail/LogHandler.cs

[Log]
[07:37:17.856]
ALL
[Coherent UI] (Info) PID: 5531 | -1 02:37:17.748065 Detected OS: Mac OS X 10.9.2
Log
, Line: 19; File /Users/Primary/Code/Qualia/UnityPOC/Assets/Standard Assets/Scripts/CoherentUI/Detail/LogHandler.cs

[Log]
[07:37:17.857]
ALL
[Coherent UI] (Info) PID: 5531 | -1 02:37:17.767974 [5531:1287:INFO:UIContentClient.cpp(73)] GPU info collected in host process: 
Log
, Line: 19; File /Users/Primary/Code/Qualia/UnityPOC/Assets/Standard Assets/Scripts/CoherentUI/Detail/LogHandler.cs

[Log]
[07:37:17.858]
ALL
[Coherent UI] (Info) PID: 5531 | -1 02:37:17.767985 [5531:1287:INFO:UIContentClient.cpp(78)] Main GPU vendor 4318 device 4073
Log
, Line: 19; File /Users/Primary/Code/Qualia/UnityPOC/Assets/Standard Assets/Scripts/CoherentUI/Detail/LogHandler.cs

[Log]
[07:37:17.858]
ALL
[Coherent UI] (Info) PID: 5531 | -1 02:37:17.767989 [5531:1287:INFO:UIContentClient.cpp(83)] Secondary GPU vendor 32902 device 3366
Log
, Line: 19; File /Users/Primary/Code/Qualia/UnityPOC/Assets/Standard Assets/Scripts/CoherentUI/Detail/LogHandler.cs

[Log]
[07:37:17.859]
ALL
[Coherent UI] (Info) PID: 5531 | -1 02:37:17.767993 [5531:1287:INFO:UIContentClient.cpp(89)] NVidia Optimus is enabled
Log
, Line: 19; File /Users/Primary/Code/Qualia/UnityPOC/Assets/Standard Assets/Scripts/CoherentUI/Detail/LogHandler.cs

[Log]
[07:37:17.951]
ALL
[Coherent UI] (Info) Coherent UI system initialized successfully
Log
, Line: 19; File /Users/Primary/Code/Qualia/UnityPOC/Assets/Standard Assets/Scripts/CoherentUI/Detail/LogHandler.cs

[Log]
[07:37:18.034]
ALL
[Coherent UI] (Info) View created successfully with id 0
Log
, Line: 19; File /Users/Primary/Code/Qualia/UnityPOC/Assets/Standard Assets/Scripts/CoherentUI/Detail/LogHandler.cs

[Log]
[07:37:18.048]
ALL
[Coherent UI] (Info) PID: 5531 | -1 02:37:18.030914 Navigating view 0 to coui://UIResources/Qualia/LandingPage/index.html
Log
, Line: 19; File /Users/Primary/Code/Qualia/UnityPOC/Assets/Standard Assets/Scripts/CoherentUI/Detail/LogHandler.cs

[Log]
[07:37:18.049]
ALL
[Coherent UI] (Info) PID: 5531 | -1 02:37:18.045850 [5531:1287:INFO:compositing_iosurface_mac_coherent.mm(357)] Device used for IOSurface composition: 16918311
Log
, Line: 19; File /Users/Primary/Code/Qualia/UnityPOC/Assets/Standard Assets/Scripts/CoherentUI/Detail/LogHandler.cs

[Log]
[07:37:18.050]
ALL
[Coherent UI] (Info) PID: 5531 | -1 02:37:18.048460 Navigating view 0 to coui://UIResources/Qualia/LoadingScreen/index.html
Log
, Line: 19; File /Users/Primary/Code/Qualia/UnityPOC/Assets/Standard Assets/Scripts/CoherentUI/Detail/LogHandler.cs

[Log]
[07:37:18.087]
ALL
[Coherent UI] (Info) PID: 5531 | -1 02:37:18.085420 [5532:1287:INFO:renderer_main.cc(215)] Running without renderer sandbox
Log
, Line: 19; File /Users/Primary/Code/Qualia/UnityPOC/Assets/Standard Assets/Scripts/CoherentUI/Detail/LogHandler.cs

[Log]
[07:37:18.175]
ALL
[Coherent UI] (Info) PID: 5531 | -1 02:37:18.167209 [5531:1287:INFO:(0)] GPU info collected in gpu-process process: 
Log
, Line: 19; File /Users/Primary/Code/Qualia/UnityPOC/Assets/Standard Assets/Scripts/CoherentUI/Detail/LogHandler.cs

[Log]
[07:37:18.175]
ALL
[Coherent UI] (Info) PID: 5531 | -1 02:37:18.167237 [5531:1287:INFO:(0)] Main GPU vendor 4318 device 4073
Log
, Line: 19; File /Users/Primary/Code/Qualia/UnityPOC/Assets/Standard Assets/Scripts/CoherentUI/Detail/LogHandler.cs

[Log]
[07:37:18.199]
ALL
[Coherent UI] (Info) PID: 5531 | -1 02:37:18.196002 [5531:1287:INFO:(0)] Created virtual GL context.
Log
, Line: 19; File /Users/Primary/Code/Qualia/UnityPOC/Assets/Standard Assets/Scripts/CoherentUI/Detail/LogHandler.cs

[Log]
[07:37:18.339]
ALL
[Coherent UI] (Warning) PID: 5531 | -1 02:37:18.320591 Requesting resource read for coui://www.google-analytics.com/analytics.js with internal id 8 reported FAIL
Log
, Line: 19; File /Users/Primary/Code/Qualia/UnityPOC/Assets/Standard Assets/Scripts/CoherentUI/Detail/LogHandler.cs

[Log]
[07:37:23.142]
ALL
MissingComponentException: There is no 'Camera' attached to the "Screen" game object, but a script is trying to access it.
You probably need to add a Camera to the game object "Screen". Or your script needs to check if the component is attached before using it.
Exception
, Line: 1110; File /Users/Primary/Code/Qualia/UnityPOC/Assets/Standard Assets/Scripts/CoherentUI/CoherentUISystem.cs

[Log]
[07:37:23.158]
ALL
MissingComponentException: There is no 'Camera' attached to the "Screen" game object, but a script is trying to access it.
You probably need to add a Camera to the game object "Screen". Or your script needs to check if the component is attached before using it.
Exception
, Line: 1110; File /Users/Primary/Code/Qualia/UnityPOC/Assets/Standard Assets/Scripts/CoherentUI/CoherentUISystem.cs

[Log]
[07:37:23.174]
ALL
MissingComponentException: There is no 'Camera' attached to the "Screen" game object, but a script is trying to access it.
You probably need to add a Camera to the game object "Screen". Or your script needs to check if the component is attached before using it.
Exception
, Line: 1110; File /Users/Primary/Code/Qualia/UnityPOC/Assets/Standard Assets/Scripts/CoherentUI/CoherentUISystem.cs

[Log]
[07:37:23.191]
ALL
MissingComponentException: There is no 'Camera' attached to the "Screen" game object, but a script is trying to access it.
You probably need to add a Camera to the game object "Screen". Or your script needs to check if the component is attached before using it.
Exception
, Line: 1110; File /Users/Primary/Code/Qualia/UnityPOC/Assets/Standard Assets/Scripts/CoherentUI/CoherentUISystem.cs

[Log]
[07:37:23.207]
ALL
MissingComponentException: There is no 'Camera' attached to the "Screen" game object, but a script is trying to access it.
You probably need to add a Camera to the game object "Screen". Or your script needs to check if the component is attached before using it.
Exception
, Line: 1110; File /Users/Primary/Code/Qualia/UnityPOC/Assets/Standard Assets/Scripts/CoherentUI/CoherentUISystem.cs

[Log]
[07:37:23.223]
ALL
MissingComponentException: There is no 'Camera' attached to the "Screen" game object, but a script is trying to access it.
You probably need to add a Camera to the game object "Screen". Or your script needs to check if the component is attached before using it.
Exception
, Line: 1110; File /Users/Primary/Code/Qualia/UnityPOC/Assets/Standard Assets/Scripts/CoherentUI/CoherentUISystem.cs

[Log]
[07:37:23.240]
ALL
MissingComponentException: There is no 'Camera' attached to the "Screen" game object, but a script is trying to access it.
You probably need to add a Camera to the game object "Screen". Or your script needs to check if the component is attached before using it.
Exception
, Line: 1110; File /Users/Primary/Code/Qualia/UnityPOC/Assets/Standard Assets/Scripts/CoherentUI/CoherentUISystem.cs

[Log]
[07:37:23.257]
ALL
MissingComponentException: There is no 'Camera' attached to the "Screen" game object, but a script is trying to access it.
You probably need to add a Camera to the game object "Screen". Or your script needs to check if the component is attached before using it.
Exception
, Line: 1110; File /Users/Primary/Code/Qualia/UnityPOC/Assets/Standard Assets/Scripts/CoherentUI/CoherentUISystem.cs

[Log]
[07:37:23.274]
ALL
MissingComponentException: There is no 'Camera' attached to the "Screen" game object, but a script is trying to access it.
You probably need to add a Camera to the game object "Screen". Or your script needs to check if the component is attached before using it.
Exception
, Line: 1110; File /Users/Primary/Code/Qualia/UnityPOC/Assets/Standard Assets/Scripts/CoherentUI/CoherentUISystem.cs

[Log]
[07:37:23.290]
ALL
MissingComponentException: There is no 'Camera' attached to the "Screen" game object, but a script is trying to access it.
You probably need to add a Camera to the game object "Screen". Or your script needs to check if the component is attached before using it.
Exception
, Line: 1110; File /Users/Primary/Code/Qualia/UnityPOC/Assets/Standard Assets/Scripts/CoherentUI/CoherentUISystem.cs

[Log]
[07:37:23.307]
ALL
MissingComponentException: There is no 'Camera' attached to the "Screen" game object, but a script is trying to access it.
You probably need to add a Camera to the game object "Screen". Or your script needs to check if the component is attached before using it.
Exception
, Line: 1110; File /Users/Primary/Code/Qualia/UnityPOC/Assets/Standard Assets/Scripts/CoherentUI/CoherentUISystem.cs

[Log]
[07:37:23.323]
ALL
MissingComponentException: There is no 'Camera' attached to the "Screen" game object, but a script is trying to access it.
You probably need to add a Camera to the game object "Screen". Or your script needs to check if the component is attached before using it.
Exception
, Line: 1110; File /Users/Primary/Code/Qualia/UnityPOC/Assets/Standard Assets/Scripts/CoherentUI/CoherentUISystem.cs

[Log]
[07:37:23.339]
ALL
MissingComponentException: There is no 'Camera' attached to the "Screen" game object, but a script is trying to access it.
You probably need to add a Camera to the game object "Screen". Or your script needs to check if the component is attached before using it.
Exception
, Line: 1110; File /Users/Primary/Code/Qualia/UnityPOC/Assets/Standard Assets/Scripts/CoherentUI/CoherentUISystem.cs

[Log]
[07:37:23.357]
ALL
MissingComponentException: There is no 'Camera' attached to the "Screen" game object, but a script is trying to access it.
You probably need to add a Camera to the game object "Screen". Or your script needs to check if the component is attached before using it.
Exception
, Line: 1110; File /Users/Primary/Code/Qualia/UnityPOC/Assets/Standard Assets/Scripts/CoherentUI/CoherentUISystem.cs

[Log]
[07:37:23.373]
ALL
MissingComponentException: There is no 'Camera' attached to the "Screen" game object, but a script is trying to access it.
You probably need to add a Camera to the game object "Screen". Or your script needs to check if the component is attached before using it.
Exception
, Line: 1110; File /Users/Primary/Code/Qualia/UnityPOC/Assets/Standard Assets/Scripts/CoherentUI/CoherentUISystem.cs

[Log]
[07:37:23.389]
ALL
MissingComponentException: There is no 'Camera' attached to the "Screen" game object, but a script is trying to access it.
You probably need to add a Camera to the game object "Screen". Or your script needs to check if the component is attached before using it.
Exception
, Line: 1110; File /Users/Primary/Code/Qualia/UnityPOC/Assets/Standard Assets/Scripts/CoherentUI/CoherentUISystem.cs

[Log]
[07:37:23.405]
ALL
MissingComponentException: There is no 'Camera' attached to the "Screen" game object, but a script is trying to access it.
You probably need to add a Camera to the game object "Screen". Or your script needs to check if the component is attached before using it.
Exception
, Line: 1110; File /Users/Primary/Code/Qualia/UnityPOC/Assets/Standard Assets/Scripts/CoherentUI/CoherentUISystem.cs

[Log]
[07:37:23.423]
ALL
MissingComponentException: There is no 'Camera' attached to the "Screen" game object, but a script is trying to access it.
You probably need to add a Camera to the game object "Screen". Or your script needs to check if the component is attached before using it.
Exception
, Line: 1110; File /Users/Primary/Code/Qualia/UnityPOC/Assets/Standard Assets/Scripts/CoherentUI/CoherentUISystem.cs

[Log]
[07:37:23.440]
ALL
MissingComponentException: There is no 'Camera' attached to the "Screen" game object, but a script is trying to access it.
You probably need to add a Camera to the game object "Screen". Or your script needs to check if the component is attached before using it.
Exception
, Line: 1110; File /Users/Primary/Code/Qualia/UnityPOC/Assets/Standard Assets/Scripts/CoherentUI/CoherentUISystem.cs

[Log]
[07:37:23.456]
ALL
MissingComponentException: There is no 'Camera' attached to the "Screen" game object, but a script is trying to access it.
You probably need to add a Camera to the game object "Screen". Or your script needs to check if the component is attached before using it.
Exception
, Line: 1110; File /Users/Primary/Code/Qualia/UnityPOC/Assets/Standard Assets/Scripts/CoherentUI/CoherentUISystem.cs

[Log]
[07:37:23.472]
ALL
MissingComponentException: There is no 'Camera' attached to the "Screen" game object, but a script is trying to access it.
You probably need to add a Camera to the game object "Screen". Or your script needs to check if the component is attached before using it.
Exception
, Line: 1110; File /Users/Primary/Code/Qualia/UnityPOC/Assets/Standard Assets/Scripts/CoherentUI/CoherentUISystem.cs

[Log]
[07:37:23.489]
ALL
MissingComponentException: There is no 'Camera' attached to the "Screen" game object, but a script is trying to access it.
You probably need to add a Camera to the game object "Screen". Or your script needs to check if the component is attached before using it.
Exception
, Line: 1110; File /Users/Primary/Code/Qualia/UnityPOC/Assets/Standard Assets/Scripts/CoherentUI/CoherentUISystem.cs

[Log]
[07:37:23.506]
ALL
MissingComponentException: There is no 'Camera' attached to the "Screen" game object, but a script is trying to access it.
You probably need to add a Camera to the game object "Screen". Or your script needs to check if the component is attached before using it.
Exception
, Line: 1110; File /Users/Primary/Code/Qualia/UnityPOC/Assets/Standard Assets/Scripts/CoherentUI/CoherentUISystem.cs

[Log]
[07:37:23.522]
ALL
MissingComponentException: There is no 'Camera' attached to the "Screen" game object, but a script is trying to access it.
You probably need to add a Camera to the game object "Screen". Or your script needs to check if the component is attached before using it.
Exception
, Line: 1110; File /Users/Primary/Code/Qualia/UnityPOC/Assets/Standard Assets/Scripts/CoherentUI/CoherentUISystem.cs

[Log]
[07:37:23.539]
ALL
MissingComponentException: There is no 'Camera' attached to the "Screen" game object, but a script is trying to access it.
You probably need to add a Camera to the game object "Screen". Or your script needs to check if the component is attached before using it.
Exception
, Line: 1110; File /Users/Primary/Code/Qualia/UnityPOC/Assets/Standard Assets/Scripts/CoherentUI/CoherentUISystem.cs

[Log]
[07:37:23.556]
ALL
MissingComponentException: There is no 'Camera' attached to the "Screen" game object, but a script is trying to access it.
You probably need to add a Camera to the game object "Screen". Or your script needs to check if the component is attached before using it.
Exception
, Line: 1110; File /Users/Primary/Code/Qualia/UnityPOC/Assets/Standard Assets/Scripts/CoherentUI/CoherentUISystem.cs

[Log]
[07:37:23.572]
ALL
MissingComponentException: There is no 'Camera' attached to the "Screen" game object, but a script is trying to access it.
You probably need to add a Camera to the game object "Screen". Or your script needs to check if the component is attached before using it.
Exception
, Line: 1110; File /Users/Primary/Code/Qualia/UnityPOC/Assets/Standard Assets/Scripts/CoherentUI/CoherentUISystem.cs

[Log]
[07:37:23.588]
ALL
MissingComponentException: There is no 'Camera' attached to the "Screen" game object, but a script is trying to access it.
You probably need to add a Camera to the game object "Screen". Or your script needs to check if the component is attached before using it.
Exception
, Line: 1110; File /Users/Primary/Code/Qualia/UnityPOC/Assets/Standard Assets/Scripts/CoherentUI/CoherentUISystem.cs

[Log]
[07:37:23.605]
ALL
MissingComponentException: There is no 'Camera' attached to the "Screen" game object, but a script is trying to access it.
You probably need to add a Camera to the game object "Screen". Or your script needs to check if the component is attached before using it.
Exception
, Line: 1110; File /Users/Primary/Code/Qualia/UnityPOC/Assets/Standard Assets/Scripts/CoherentUI/CoherentUISystem.cs

[Log]
[07:37:23.621]
ALL
MissingComponentException: There is no 'Camera' attached to the "Screen" game object, but a script is trying to access it.
You probably need to add a Camera to the game object "Screen". Or your script needs to check if the component is attached before using it.
Exception
, Line: 1110; File /Users/Primary/Code/Qualia/UnityPOC/Assets/Standard Assets/Scripts/CoherentUI/CoherentUISystem.cs

[Log]
[07:37:23.638]
ALL
MissingComponentException: There is no 'Camera' attached to the "Screen" game object, but a script is trying to access it.
You probably need to add a Camera to the game object "Screen". Or your script needs to check if the component is attached before using it.
Exception
, Line: 1110; File /Users/Primary/Code/Qualia/UnityPOC/Assets/Standard Assets/Scripts/CoherentUI/CoherentUISystem.cs

[Log]
[07:37:23.655]
ALL
MissingComponentException: There is no 'Camera' attached to the "Screen" game object, but a script is trying to access it.
You probably need to add a Camera to the game object "Screen". Or your script needs to check if the component is attached before using it.
Exception
, Line: 1110; File /Users/Primary/Code/Qualia/UnityPOC/Assets/Standard Assets/Scripts/CoherentUI/CoherentUISystem.cs

[Log]
[07:37:23.671]
ALL
MissingComponentException: There is no 'Camera' attached to the "Screen" game object, but a script is trying to access it.
You probably need to add a Camera to the game object "Screen". Or your script needs to check if the component is attached before using it.
Exception
, Line: 1110; File /Users/Primary/Code/Qualia/UnityPOC/Assets/Standard Assets/Scripts/CoherentUI/CoherentUISystem.cs

[Log]
[07:37:23.687]
ALL
MissingComponentException: There is no 'Camera' attached to the "Screen" game object, but a script is trying to access it.
You probably need to add a Camera to the game object "Screen". Or your script needs to check if the component is attached before using it.
Exception
, Line: 1110; File /Users/Primary/Code/Qualia/UnityPOC/Assets/Standard Assets/Scripts/CoherentUI/CoherentUISystem.cs

[Log]
[07:37:23.704]
ALL
MissingComponentException: There is no 'Camera' attached to the "Screen" game object, but a script is trying to access it.
You probably need to add a Camera to the game object "Screen". Or your script needs to check if the component is attached before using it.
Exception
, Line: 1110; File /Users/Primary/Code/Qualia/UnityPOC/Assets/Standard Assets/Scripts/CoherentUI/CoherentUISystem.cs

[Log]
[07:37:23.721]
ALL
MissingComponentException: There is no 'Camera' attached to the "Screen" game object, but a script is trying to access it.
You probably need to add a Camera to the game object "Screen". Or your script needs to check if the component is attached before using it.
Exception
, Line: 1110; File /Users/Primary/Code/Qualia/UnityPOC/Assets/Standard Assets/Scripts/CoherentUI/CoherentUISystem.cs

[Log]
[07:37:23.737]
ALL
MissingComponentException: There is no 'Camera' attached to the "Screen" game object, but a script is trying to access it.
You probably need to add a Camera to the game object "Screen". Or your script needs to check if the component is attached before using it.
Exception
, Line: 1110; File /Users/Primary/Code/Qualia/UnityPOC/Assets/Standard Assets/Scripts/CoherentUI/CoherentUISystem.cs

[Log]
[07:37:23.754]
ALL
MissingComponentException: There is no 'Camera' attached to the "Screen" game object, but a script is trying to access it.
You probably need to add a Camera to the game object "Screen". Or your script needs to check if the component is attached before using it.
Exception
, Line: 1110; File /Users/Primary/Code/Qualia/UnityPOC/Assets/Standard Assets/Scripts/CoherentUI/CoherentUISystem.cs

[Log]
[07:37:23.770]
ALL
MissingComponentException: There is no 'Camera' attached to the "Screen" game object, but a script is trying to access it.
You probably need to add a Camera to the game object "Screen". Or your script needs to check if the component is attached before using it.
Exception
, Line: 1110; File /Users/Primary/Code/Qualia/UnityPOC/Assets/Standard Assets/Scripts/CoherentUI/CoherentUISystem.cs

[Log]
[07:37:23.787]
ALL
MissingComponentException: There is no 'Camera' attached to the "Screen" game object, but a script is trying to access it.
You probably need to add a Camera to the game object "Screen". Or your script needs to check if the component is attached before using it.
Exception
, Line: 1110; File /Users/Primary/Code/Qualia/UnityPOC/Assets/Standard Assets/Scripts/CoherentUI/CoherentUISystem.cs

[Log]
[07:37:23.803]
ALL
MissingComponentException: There is no 'Camera' attached to the "Screen" game object, but a script is trying to access it.
You probably need to add a Camera to the game object "Screen". Or your script needs to check if the component is attached before using it.
Exception
, Line: 1110; File /Users/Primary/Code/Qualia/UnityPOC/Assets/Standard Assets/Scripts/CoherentUI/CoherentUISystem.cs

[Log]
[07:37:23.820]
ALL
MissingComponentException: There is no 'Camera' attached to the "Screen" game object, but a script is trying to access it.
You probably need to add a Camera to the game object "Screen". Or your script needs to check if the component is attached before using it.
Exception
, Line: 1110; File /Users/Primary/Code/Qualia/UnityPOC/Assets/Standard Assets/Scripts/CoherentUI/CoherentUISystem.cs

[Log]
[07:37:23.836]
ALL
MissingComponentException: There is no 'Camera' attached to the "Screen" game object, but a script is trying to access it.
You probably need to add a Camera to the game object "Screen". Or your script needs to check if the component is attached before using it.
Exception
, Line: 1110; File /Users/Primary/Code/Qualia/UnityPOC/Assets/Standard Assets/Scripts/CoherentUI/CoherentUISystem.cs

[Log]
[07:37:23.852]
ALL
MissingComponentException: There is no 'Camera' attached to the "Screen" game object, but a script is trying to access it.
You probably need to add a Camera to the game object "Screen". Or your script needs to check if the component is attached before using it.
Exception
, Line: 1110; File /Users/Primary/Code/Qualia/UnityPOC/Assets/Standard Assets/Scripts/CoherentUI/CoherentUISystem.cs

[Log]
[07:37:23.870]
ALL
MissingComponentException: There is no 'Camera' attached to the "Screen" game object, but a script is trying to access it.
You probably need to add a Camera to the game object "Screen". Or your script needs to check if the component is attached before using it.
Exception
, Line: 1110; File /Users/Primary/Code/Qualia/UnityPOC/Assets/Standard Assets/Scripts/CoherentUI/CoherentUISystem.cs

[Log]
[07:37:23.886]
ALL
MissingComponentException: There is no 'Camera' attached to the "Screen" game object, but a script is trying to access it.
You probably need to add a Camera to the game object "Screen". Or your script needs to check if the component is attached before using it.
Exception
, Line: 1110; File /Users/Primary/Code/Qualia/UnityPOC/Assets/Standard Assets/Scripts/CoherentUI/CoherentUISystem.cs

[Log]
[07:37:23.903]
ALL
MissingComponentException: There is no 'Camera' attached to the "Screen" game object, but a script is trying to access it.
You probably need to add a Camera to the game object "Screen". Or your script needs to check if the component is attached before using it.
Exception
, Line: 1110; File /Users/Primary/Code/Qualia/UnityPOC/Assets/Standard Assets/Scripts/CoherentUI/CoherentUISystem.cs

[Log]
[07:37:23.920]
ALL
MissingComponentException: There is no 'Camera' attached to the "Screen" game object, but a script is trying to access it.
You probably need to add a Camera to the game object "Screen". Or your script needs to check if the component is attached before using it.
Exception
, Line: 1110; File /Users/Primary/Code/Qualia/UnityPOC/Assets/Standard Assets/Scripts/CoherentUI/CoherentUISystem.cs

[Log]
[07:37:23.936]
ALL
MissingComponentException: There is no 'Camera' attached to the "Screen" game object, but a script is trying to access it.
You probably need to add a Camera to the game object "Screen". Or your script needs to check if the component is attached before using it.
Exception
, Line: 1110; File /Users/Primary/Code/Qualia/UnityPOC/Assets/Standard Assets/Scripts/CoherentUI/CoherentUISystem.cs

[Log]
[07:37:23.953]
ALL
MissingComponentException: There is no 'Camera' attached to the "Screen" game object, but a script is trying to access it.
You probably need to add a Camera to the game object "Screen". Or your script needs to check if the component is attached before using it.
Exception
, Line: 1110; File /Users/Primary/Code/Qualia/UnityPOC/Assets/Standard Assets/Scripts/CoherentUI/CoherentUISystem.cs

[Log]
[07:37:23.969]
ALL
MissingComponentException: There is no 'Camera' attached to the "Screen" game object, but a script is trying to access it.
You probably need to add a Camera to the game object "Screen". Or your script needs to check if the component is attached before using it.
Exception
, Line: 1110; File /Users/Primary/Code/Qualia/UnityPOC/Assets/Standard Assets/Scripts/CoherentUI/CoherentUISystem.cs

[Log]
[07:37:23.985]
ALL
MissingComponentException: There is no 'Camera' attached to the "Screen" game object, but a script is trying to access it.
You probably need to add a Camera to the game object "Screen". Or your script needs to check if the component is attached before using it.
Exception
, Line: 1110; File /Users/Primary/Code/Qualia/UnityPOC/Assets/Standard Assets/Scripts/CoherentUI/CoherentUISystem.cs

[Log]
[07:37:24.001]
ALL
MissingComponentException: There is no 'Camera' attached to the "Screen" game object, but a script is trying to access it.
You probably need to add a Camera to the game object "Screen". Or your script needs to check if the component is attached before using it.
Exception
, Line: 1110; File /Users/Primary/Code/Qualia/UnityPOC/Assets/Standard Assets/Scripts/CoherentUI/CoherentUISystem.cs

[Log]
[07:37:24.019]
ALL
MissingComponentException: There is no 'Camera' attached to the "Screen" game object, but a script is trying to access it.
You probably need to add a Camera to the game object "Screen". Or your script needs to check if the component is attached before using it.
Exception
, Line: 1110; File /Users/Primary/Code/Qualia/UnityPOC/Assets/Standard Assets/Scripts/CoherentUI/CoherentUISystem.cs

[Log]
[07:37:24.035]
ALL
MissingComponentException: There is no 'Camera' attached to the "Screen" game object, but a script is trying to access it.
You probably need to add a Camera to the game object "Screen". Or your script needs to check if the component is attached before using it.
Exception
, Line: 1110; File /Users/Primary/Code/Qualia/UnityPOC/Assets/Standard Assets/Scripts/CoherentUI/CoherentUISystem.cs

[Log]
[07:37:24.051]
ALL
MissingComponentException: There is no 'Camera' attached to the "Screen" game object, but a script is trying to access it.
You probably need to add a Camera to the game object "Screen". Or your script needs to check if the component is attached before using it.
Exception
, Line: 1110; File /Users/Primary/Code/Qualia/UnityPOC/Assets/Standard Assets/Scripts/CoherentUI/CoherentUISystem.cs

[Log]
[07:37:24.068]
ALL
MissingComponentException: There is no 'Camera' attached to the "Screen" game object, but a script is trying to access it.
You probably need to add a Camera to the game object "Screen". Or your script needs to check if the component is attached before using it.
Exception
, Line: 1110; File /Users/Primary/Code/Qualia/UnityPOC/Assets/Standard Assets/Scripts/CoherentUI/CoherentUISystem.cs

[Log]
[07:37:24.084]
ALL
MissingComponentException: There is no 'Camera' attached to the "Screen" game object, but a script is trying to access it.
You probably need to add a Camera to the game object "Screen". Or your script needs to check if the component is attached before using it.
Exception
, Line: 1110; File /Users/Primary/Code/Qualia/UnityPOC/Assets/Standard Assets/Scripts/CoherentUI/CoherentUISystem.cs

[Log]
[07:37:24.102]
ALL
MissingComponentException: There is no 'Camera' attached to the "Screen" game object, but a script is trying to access it.
You probably need to add a Camera to the game object "Screen". Or your script needs to check if the component is attached before using it.
Exception
, Line: 1110; File /Users/Primary/Code/Qualia/UnityPOC/Assets/Standard Assets/Scripts/CoherentUI/CoherentUISystem.cs

[Log]
[07:37:24.118]
ALL
MissingComponentException: There is no 'Camera' attached to the "Screen" game object, but a script is trying to access it.
You probably need to add a Camera to the game object "Screen". Or your script needs to check if the component is attached before using it.
Exception
, Line: 1110; File /Users/Primary/Code/Qualia/UnityPOC/Assets/Standard Assets/Scripts/CoherentUI/CoherentUISystem.cs

[Log]
[07:37:24.143]
ALL
MissingComponentException: There is no 'Camera' attached to the "Screen" game object, but a script is trying to access it.
You probably need to add a Camera to the game object "Screen". Or your script needs to check if the component is attached before using it.
Exception
, Line: 1110; File /Users/Primary/Code/Qualia/UnityPOC/Assets/Standard Assets/Scripts/CoherentUI/CoherentUISystem.cs

[Log]
[07:37:24.152]
ALL
MissingComponentException: There is no 'Camera' attached to the "Screen" game object, but a script is trying to access it.
You probably need to add a Camera to the game object "Screen". Or your script needs to check if the component is attached before using it.
Exception
, Line: 1110; File /Users/Primary/Code/Qualia/UnityPOC/Assets/Standard Assets/Scripts/CoherentUI/CoherentUISystem.cs

[Log]
[07:37:24.169]
ALL
MissingComponentException: There is no 'Camera' attached to the "Screen" game object, but a script is trying to access it.
You probably need to add a Camera to the game object "Screen". Or your script needs to check if the component is attached before using it.
Exception
, Line: 1110; File /Users/Primary/Code/Qualia/UnityPOC/Assets/Standard Assets/Scripts/CoherentUI/CoherentUISystem.cs

[Log]
[07:37:24.185]
ALL
MissingComponentException: There is no 'Camera' attached to the "Screen" game object, but a script is trying to access it.
You probably need to add a Camera to the game object "Screen". Or your script needs to check if the component is attached before using it.
Exception
, Line: 1110; File /Users/Primary/Code/Qualia/UnityPOC/Assets/Standard Assets/Scripts/CoherentUI/CoherentUISystem.cs

[Log]
[07:37:24.202]
ALL
MissingComponentException: There is no 'Camera' attached to the "Screen" game object, but a script is trying to access it.
You probably need to add a Camera to the game object "Screen". Or your script needs to check if the component is attached before using it.
Exception
, Line: 1110; File /Users/Primary/Code/Qualia/UnityPOC/Assets/Standard Assets/Scripts/CoherentUI/CoherentUISystem.cs

[Log]
[07:37:24.218]
ALL
MissingComponentException: There is no 'Camera' attached to the "Screen" game object, but a script is trying to access it.
You probably need to add a Camera to the game object "Screen". Or your script needs to check if the component is attached before using it.
Exception
, Line: 1110; File /Users/Primary/Code/Qualia/UnityPOC/Assets/Standard Assets/Scripts/CoherentUI/CoherentUISystem.cs

[Log]
[07:37:24.235]
ALL
MissingComponentException: There is no 'Camera' attached to the "Screen" game object, but a script is trying to access it.
You probably need to add a Camera to the game object "Screen". Or your script needs to check if the component is attached before using it.
Exception
, Line: 1110; File /Users/Primary/Code/Qualia/UnityPOC/Assets/Standard Assets/Scripts/CoherentUI/CoherentUISystem.cs

[Log]
[07:37:24.252]
ALL
MissingComponentException: There is no 'Camera' attached to the "Screen" game object, but a script is trying to access it.
You probably need to add a Camera to the game object "Screen". Or your script needs to check if the component is attached before using it.
Exception
, Line: 1110; File /Users/Primary/Code/Qualia/UnityPOC/Assets/Standard Assets/Scripts/CoherentUI/CoherentUISystem.cs

[Log]
[07:37:24.268]
ALL
MissingComponentException: There is no 'Camera' attached to the "Screen" game object, but a script is trying to access it.
You probably need to add a Camera to the game object "Screen". Or your script needs to check if the component is attached before using it.
Exception
, Line: 1110; File /Users/Primary/Code/Qualia/UnityPOC/Assets/Standard Assets/Scripts/CoherentUI/CoherentUISystem.cs

[Log]
[07:37:24.285]
ALL
MissingComponentException: There is no 'Camera' attached to the "Screen" game object, but a script is trying to access it.
You probably need to add a Camera to the game object "Screen". Or your script needs to check if the component is attached before using it.
Exception
, Line: 1110; File /Users/Primary/Code/Qualia/UnityPOC/Assets/Standard Assets/Scripts/CoherentUI/CoherentUISystem.cs

[Log]
[07:37:24.302]
ALL
MissingComponentException: There is no 'Camera' attached to the "Screen" game object, but a script is trying to access it.
You probably need to add a Camera to the game object "Screen". Or your script needs to check if the component is attached before using it.
Exception
, Line: 1110; File /Users/Primary/Code/Qualia/UnityPOC/Assets/Standard Assets/Scripts/CoherentUI/CoherentUISystem.cs

[Log]
[07:37:24.318]
ALL
MissingComponentException: There is no 'Camera' attached to the "Screen" game object, but a script is trying to access it.
You probably need to add a Camera to the game object "Screen". Or your script needs to check if the component is attached before using it.
Exception
, Line: 1110; File /Users/Primary/Code/Qualia/UnityPOC/Assets/Standard Assets/Scripts/CoherentUI/CoherentUISystem.cs

[Log]
[07:37:24.335]
ALL
MissingComponentException: There is no 'Camera' attached to the "Screen" game object, but a script is trying to access it.
You probably need to add a Camera to the game object "Screen". Or your script needs to check if the component is attached before using it.
Exception
, Line: 1110; File /Users/Primary/Code/Qualia/UnityPOC/Assets/Standard Assets/Scripts/CoherentUI/CoherentUISystem.cs

[Log]
[07:37:24.351]
ALL
MissingComponentException: There is no 'Camera' attached to the "Screen" game object, but a script is trying to access it.
You probably need to add a Camera to the game object "Screen". Or your script needs to check if the component is attached before using it.
Exception
, Line: 1110; File /Users/Primary/Code/Qualia/UnityPOC/Assets/Standard Assets/Scripts/CoherentUI/CoherentUISystem.cs

[Log]
[07:37:24.368]
ALL
MissingComponentException: There is no 'Camera' attached to the "Screen" game object, but a script is trying to access it.
You probably need to add a Camera to the game object "Screen". Or your script needs to check if the component is attached before using it.
Exception
, Line: 1110; File /Users/Primary/Code/Qualia/UnityPOC/Assets/Standard Assets/Scripts/CoherentUI/CoherentUISystem.cs

[Log]
[07:37:24.385]
ALL
MissingComponentException: There is no 'Camera' attached to the "Screen" game object, but a script is trying to access it.
You probably need to add a Camera to the game object "Screen". Or your script needs to check if the component is attached before using it.
Exception
, Line: 1110; File /Users/Primary/Code/Qualia/UnityPOC/Assets/Standard Assets/Scripts/CoherentUI/CoherentUISystem.cs

[Log]
[07:37:24.401]
ALL
MissingComponentException: There is no 'Camera' attached to the "Screen" game object, but a script is trying to access it.
You probably need to add a Camera to the game object "Screen". Or your script needs to check if the component is attached before using it.
Exception
, Line: 1110; File /Users/Primary/Code/Qualia/UnityPOC/Assets/Standard Assets/Scripts/CoherentUI/CoherentUISystem.cs

[Log]
[07:37:24.417]
ALL
MissingComponentException: There is no 'Camera' attached to the "Screen" game object, but a script is trying to access it.
You probably need to add a Camera to the game object "Screen". Or your script needs to check if the component is attached before using it.
Exception
, Line: 1110; File /Users/Primary/Code/Qualia/UnityPOC/Assets/Standard Assets/Scripts/CoherentUI/CoherentUISystem.cs

[Log]
[07:37:24.434]
ALL
MissingComponentException: There is no 'Camera' attached to the "Screen" game object, but a script is trying to access it.
You probably need to add a Camera to the game object "Screen". Or your script needs to check if the component is attached before using it.
Exception
, Line: 1110; File /Users/Primary/Code/Qualia/UnityPOC/Assets/Standard Assets/Scripts/CoherentUI/CoherentUISystem.cs

[Log]
[07:37:24.491]
ALL
[Coherent UI] (Info) Removing view 0
Log
, Line: 19; File /Users/Primary/Code/Qualia/UnityPOC/Assets/Standard Assets/Scripts/CoherentUI/Detail/LogHandler.cs

[Log]
[07:37:24.495]
ALL
[Coherent UI] (Info) Uninitializing Coherent UI
Log
, Line: 19; File /Users/Primary/Code/Qualia/UnityPOC/Assets/Standard Assets/Scripts/CoherentUI/Detail/LogHandler.cs

[Log]
[07:37:24.598]
ALL
[Coherent UI] (Info) Coherent UI uninitialized successfully
Log
, Line: 19; File /Users/Primary/Code/Qualia/UnityPOC/Assets/Standard Assets/Scripts/CoherentUI/Detail/LogHandler.cs

