-1 22:54:47.148795 I | Initializing Coherent UI ver. 1.7.0.0
-1 22:54:47.156984 I | CGL device used in client composition: 16918311
-1 22:54:47.298200 I | PID: 16021 | -1 22:54:47.273267 Staring Coherent UI Host ver. 1.7.0.0
-1 22:54:47.298226 I | PID: 16021 | -1 22:54:47.274195 Detected OS: Mac OS X 10.9.1
-1 22:54:47.298232 I | PID: 16021 | -1 22:54:47.294123 [16021:1287:INFO:UIContentClient.cpp(73)] GPU info collected in host process: 
-1 22:54:47.298238 I | PID: 16021 | -1 22:54:47.294135 [16021:1287:INFO:UIContentClient.cpp(78)] Main GPU vendor 4318 device 4073
-1 22:54:47.298243 I | PID: 16021 | -1 22:54:47.294139 [16021:1287:INFO:UIContentClient.cpp(83)] Secondary GPU vendor 32902 device 3366
-1 22:54:47.298249 I | PID: 16021 | -1 22:54:47.294143 [16021:1287:INFO:UIContentClient.cpp(89)] NVidia Optimus is enabled
-1 22:54:47.332300 I | Coherent UI system initialized successfully
-1 22:54:47.349456 W | View to https://www.coherent-labs.com:3000/
-1 22:54:47.364193 I | View created successfully with id 0
-1 22:54:47.381124 I | PID: 16021 | -1 22:54:47.351849 Navigating view 0 to https://www.coherent-labs.com:3000/
-1 22:54:47.381153 I | PID: 16021 | -1 22:54:47.367349 [16021:1287:INFO:compositing_iosurface_mac_coherent.mm(357)] Device used for IOSurface composition: 16918311
-1 22:54:47.415141 I | PID: 16021 | -1 22:54:47.405182 [16022:1287:INFO:renderer_main.cc(215)] Running without renderer sandbox
-1 22:54:47.500156 I | PID: 16021 | -1 22:54:47.488567 [16021:1287:INFO:(0)] GPU info collected in gpu-process process: 
-1 22:54:47.500183 I | PID: 16021 | -1 22:54:47.488592 [16021:1287:INFO:(0)] Main GPU vendor 4318 device 4073
-1 22:54:47.515190 I | PID: 16021 | -1 22:54:47.503738 [16021:1287:INFO:(0)] Created virtual GL context.
-1 22:54:53.920606 I | Removing view 0
-1 22:54:53.920723 I | Uninitializing Coherent UI
-1 22:54:54.022100 I | Coherent UI uninitialized successfully
